Table PERSON created.


Table SICK_PERSON created.


Table WELL_PERSON created.


Table DISEASE created.


Table RECORD_DISEASE created.


Table DISEASE_OBSERVATION created.

Table RECOMMENDATION created.


Table STANDARD_RECOMMENDATION created.


Table SPECIFIC_RECOMMENDATION created.


Table ALERT created.

Table OBSERVATION created.


Table OBSERVATION_TYPE created.


Table RECORD_OBSERVATION created.

Table SICK_PERSON altered.


Table SICK_PERSON altered.


Table SICK_PERSON altered.


Table WELL_PERSON altered.

Table WELL_PERSON altered.


Table WELL_PERSON altered.


Table RECORD_DISEASE altered.


Table RECORD_DISEASE altered.


Table DISEASE_OBSERVATION altered.


Table DISEASE_OBSERVATION altered.


Table STANDARD_RECOMMENDATION altered.

Table STANDARD_RECOMMENDATION altered.


Table SPECIFIC_RECOMMENDATION altered.


Table SPECIFIC_RECOMMENDATION altered.


Table ALERT altered.


Table OBSERVATION altered.


Table RECORD_OBSERVATION altered.


Table RECORD_OBSERVATION altered.


Commit complete.

